<?xml version="1.0" encoding="UTF-8"?>
<!-- Generated by org.testng.reporters.JUnitXMLReporter -->
<testsuite ignored="6" hostname="DESKTOP-FL1QLG9" failures="0" tests="1" name="Default test" time="54.5" errors="0" timestamp="2025-02-14T00:08:58 GMT">
  <testcase classname="automationCode.elementsClass" name="bookStoreApplication" time="50.772"/>
  <testcase classname="automationCode.elementsClass" name="selectRadioButton" time="0.0">
    <ignored/>
  </testcase> <!-- selectRadioButton -->
  <testcase classname="automationCode.elementsClass" name="verifyRadioValue" time="0.0">
    <ignored/>
  </testcase> <!-- verifyRadioValue -->
  <testcase classname="automationCode.elementsClass" name="verifyWebTables" time="0.0">
    <ignored/>
  </testcase> <!-- verifyWebTables -->
  <testcase classname="automationCode.elementsClass" name="verifyCheckBoxTitle" time="0.0">
    <ignored/>
  </testcase> <!-- verifyCheckBoxTitle -->
  <testcase classname="automationCode.elementsClass" name="enterFieldValues" time="0.0">
    <ignored/>
  </testcase> <!-- enterFieldValues -->
  <testcase classname="automationCode.elementsClass" name="verifyTitleValue" time="0.0">
    <ignored/>
  </testcase> <!-- verifyTitleValue -->
</testsuite> <!-- Default test -->
