<?xml version="1.0" encoding="UTF-8"?>
<!-- Generated by org.testng.reporters.JUnitXMLReporter -->
<testsuite ignored="0" hostname="DESKTOP-FL1QLG9" failures="1" tests="2" name="Test" time="1.713" errors="0" timestamp="2025-02-11T15:25:57 GMT">
  <testcase classname="automationCode.textBoxClass" name="enterFieldValues" time="0.008">
    <failure type="java.lang.IllegalArgumentException" message="Cannot find elements when id is null.">
      <![CDATA[java.lang.IllegalArgumentException: Cannot find elements when id is null.
at org.openqa.selenium.internal.Require$ArgumentChecker.nonNull(Require.java:211)
at org.openqa.selenium.By$ById.<init>(By.java:188)
at org.openqa.selenium.By.id(By.java:49)
at automationElements.textBoxElement.enterFieldValue(textBoxElement.java:27)
at automationCode.textBoxClass.enterFieldValues(textBoxClass.java:38)
at java.base/java.util.ArrayList.forEach(ArrayList.java:1511)
... Removed 27 stack frames]]>
    </failure>
  </testcase> <!-- enterFieldValues -->
  <testcase classname="automationCode.textBoxClass" name="verifyTitleValue" time="0.176"/>
</testsuite> <!-- Test -->
