<?xml version="1.0" encoding="UTF-8"?>
<testng-results ignored="6" total="7" passed="1" failed="0" skipped="0">
  <reporter-output>
  </reporter-output>
  <suite started-at="2025-02-14T00:08:04 GMT" name="Default suite" finished-at="2025-02-14T00:08:58 GMT" duration-ms="54500">
    <groups>
    </groups>
    <test started-at="2025-02-14T00:08:04 GMT" name="Default test" finished-at="2025-02-14T00:08:58 GMT" duration-ms="54500">
      <class name="automationCode.elementsClass">
        <test-method is-config="true" signature="beforeTest()[pri:0, instance:automationCode.elementsClass@65aa6596]" started-at="2025-02-14T00:08:04 GMT" name="beforeTest" finished-at="2025-02-14T00:08:07 GMT" duration-ms="3286" status="PASS">
          <reporter-output>
          </reporter-output>
        </test-method> <!-- beforeTest -->
        <test-method signature="bookStoreApplication()[pri:0, instance:automationCode.elementsClass@65aa6596]" started-at="2025-02-14T00:08:07 GMT" name="bookStoreApplication" finished-at="2025-02-14T00:08:58 GMT" duration-ms="50772" status="PASS">
          <reporter-output>
          </reporter-output>
        </test-method> <!-- bookStoreApplication -->
        <test-method is-config="true" signature="afterTest()[pri:0, instance:automationCode.elementsClass@65aa6596]" started-at="2025-02-14T00:08:58 GMT" name="afterTest" finished-at="2025-02-14T00:08:58 GMT" duration-ms="384" status="PASS">
          <reporter-output>
          </reporter-output>
        </test-method> <!-- afterTest -->
      </class> <!-- automationCode.elementsClass -->
    </test> <!-- Default test -->
  </suite> <!-- Default suite -->
</testng-results>
