<?xml version="1.0" encoding="UTF-8"?>
<testng-results ignored="0" total="2" passed="2" failed="0" skipped="0">
  <reporter-output>
    <line>
      <![CDATA[Entered the enterFieldValues Method]]>
    </line>
    <line>
      <![CDATA[Entered the Method of enterFieldValue]]>
    </line>
    <line>
      <![CDATA[exited the Method of enterFieldValue]]>
    </line>
    <line>
      <![CDATA[Entered the Method of enterFieldValue]]>
    </line>
    <line>
      <![CDATA[exited the Method of enterFieldValue]]>
    </line>
    <line>
      <![CDATA[Entered the Method of enterFieldValue]]>
    </line>
    <line>
      <![CDATA[exited the Method of enterFieldValue]]>
    </line>
    <line>
      <![CDATA[Entered the Method of enterFieldValue]]>
    </line>
    <line>
      <![CDATA[exited the Method of enterFieldValue]]>
    </line>
    <line>
      <![CDATA[Entered the Method of clickButton]]>
    </line>
    <line>
      <![CDATA[exited the Method of clickButton]]>
    </line>
    <line>
      <![CDATA[Exited the enterFieldValues Method]]>
    </line>
    <line>
      <![CDATA[Entered the verifyTitleValue Method]]>
    </line>
    <line>
      <![CDATA[Exited the verifyTitleValue method]]>
    </line>
  </reporter-output>
  <suite started-at="2025-02-11T15:31:57 GMT" name="Default suite" finished-at="2025-02-11T15:31:59 GMT" duration-ms="2627">
    <groups>
    </groups>
    <test started-at="2025-02-11T15:31:57 GMT" name="Default test" finished-at="2025-02-11T15:31:59 GMT" duration-ms="2627">
      <class name="automationCode.textBoxClass">
        <test-method is-config="true" signature="beforeTest()[pri:0, instance:automationCode.textBoxClass@2c104774]" started-at="2025-02-11T15:31:57 GMT" name="beforeTest" finished-at="2025-02-11T15:31:58 GMT" duration-ms="1262" status="PASS">
          <reporter-output>
          </reporter-output>
        </test-method> <!-- beforeTest -->
        <test-method signature="enterFieldValues()[pri:0, instance:automationCode.textBoxClass@2c104774]" started-at="2025-02-11T15:31:58 GMT" name="enterFieldValues" finished-at="2025-02-11T15:31:59 GMT" duration-ms="1039" status="PASS">
          <reporter-output>
            <line>
              <![CDATA[Entered the enterFieldValues Method]]>
            </line>
            <line>
              <![CDATA[Entered the Method of enterFieldValue]]>
            </line>
            <line>
              <![CDATA[exited the Method of enterFieldValue]]>
            </line>
            <line>
              <![CDATA[Entered the Method of enterFieldValue]]>
            </line>
            <line>
              <![CDATA[exited the Method of enterFieldValue]]>
            </line>
            <line>
              <![CDATA[Entered the Method of enterFieldValue]]>
            </line>
            <line>
              <![CDATA[exited the Method of enterFieldValue]]>
            </line>
            <line>
              <![CDATA[Entered the Method of enterFieldValue]]>
            </line>
            <line>
              <![CDATA[exited the Method of enterFieldValue]]>
            </line>
            <line>
              <![CDATA[Entered the Method of clickButton]]>
            </line>
            <line>
              <![CDATA[exited the Method of clickButton]]>
            </line>
            <line>
              <![CDATA[Exited the enterFieldValues Method]]>
            </line>
          </reporter-output>
        </test-method> <!-- enterFieldValues -->
        <test-method signature="verifyTitleValue()[pri:0, instance:automationCode.textBoxClass@2c104774]" started-at="2025-02-11T15:31:59 GMT" name="verifyTitleValue" finished-at="2025-02-11T15:31:59 GMT" duration-ms="32" status="PASS">
          <reporter-output>
            <line>
              <![CDATA[Entered the verifyTitleValue Method]]>
            </line>
            <line>
              <![CDATA[Exited the verifyTitleValue method]]>
            </line>
          </reporter-output>
        </test-method> <!-- verifyTitleValue -->
        <test-method is-config="true" signature="afterTest()[pri:0, instance:automationCode.textBoxClass@2c104774]" started-at="2025-02-11T15:31:59 GMT" name="afterTest" finished-at="2025-02-11T15:31:59 GMT" duration-ms="251" status="PASS">
          <reporter-output>
          </reporter-output>
        </test-method> <!-- afterTest -->
      </class> <!-- automationCode.textBoxClass -->
    </test> <!-- Default test -->
  </suite> <!-- Default suite -->
</testng-results>
